<?xml version="1.0" encoding="UTF-8"?>
<testsuite xmlns:xsi="http://www.w3.org/2001/XMLSchema-instance" xsi:schemaLocation="https://maven.apache.org/surefire/maven-surefire-plugin/xsd/surefire-test-report.xsd" name="com.buschmais.jqassistant.plugin.junit.test.set.junit5.report.Junit5Example" time="0.066" tests="17" errors="1" skipped="1" failures="1">
  <properties>
[...]
</properties>
  <testcase name="inherited" classname="com.buschmais.jqassistant.plugin.junit.test.set.junit5.report.Junit5Example" time="0"/>
  <testcase name="success" classname="com.buschmais.jqassistant.plugin.junit.test.set.junit5.report.Junit5Example" time="0"/>
  <testcase name="repeatedTest" classname="repeatedTest()" time="0"/>
  <testcase name="repeatedTest" classname="repeatedTest()" time="0"/>
  <testcase name="repeatedTest" classname="repeatedTest()" time="0"/>
  <testcase name="repeatedTest" classname="repeatedTest()" time="0"/>
  <testcase name="repeatedTest" classname="repeatedTest()" time="0"/>
  <testcase name="repeatedTest" classname="repeatedTest()" time="0"/>
  <testcase name="repeatedTest" classname="repeatedTest()" time="0.001"/>
  <testcase name="repeatedTest" classname="repeatedTest()" time="0.001"/>
  <testcase name="repeatedTest" classname="repeatedTest()" time="0"/>
  <testcase name="repeatedTest" classname="repeatedTest()" time="0"/>
  <testcase name="failure" classname="com.buschmais.jqassistant.plugin.junit.test.set.junit5.report.Junit5Example" time="0.009">
    <failure message="Failure" type="org.opentest4j.AssertionFailedError">org.opentest4j.AssertionFailedError: Failure
	at com.buschmais.jqassistant.plugin.junit.test.set.junit5.report.Junit5Example.failure(Junit5Example.java:27)
</failure>
  </testcase>
  <testcase name="error" classname="com.buschmais.jqassistant.plugin.junit.test.set.junit5.report.Junit5Example" time="0">
    <error type="java.lang.UnsupportedOperationException">java.lang.UnsupportedOperationException
	at com.buschmais.jqassistant.plugin.junit.test.set.junit5.report.Junit5Example.error(Junit5Example.java:32)
</error>
  </testcase>
  <testcase name="parameterizedTest" classname="parameterizedTest(String)" time="0.018"/>
  <testcase name="parameterizedTest" classname="parameterizedTest(String)" time="0"/>
  <testcase name="skipped" classname="com.buschmais.jqassistant.plugin.junit.test.set.junit5.report.Junit5Example" time="0">
    <skipped message="public void com.buschmais.jqassistant.plugin.junit.test.set.junit5.report.Junit5Example.skipped() is @Disabled"/>
  </testcase>
</testsuite>