<?xml version="1.0" encoding="UTF-8"?>
<testsuite xmlns:xsi="http://www.w3.org/2001/XMLSchema-instance" xsi:schemaLocation="https://maven.apache.org/surefire/maven-surefire-plugin/xsd/surefire-test-report.xsd" name="com.buschmais.jqassistant.plugin.junit.test.set.junit5.report.Junit5Example" time="0.066" tests="17" errors="1" skipped="1" failures="1">
  <properties>
    <property name="java.runtime.name" value="Java(TM) SE Runtime Environment"/>
    <property name="sun.boot.library.path" value="/Library/Java/JavaVirtualMachines/jdk1.8.0_131.jdk/Contents/Home/jre/lib"/>
    <property name="java.vm.version" value="25.131-b11"/>
    <property name="gopherProxySet" value="false"/>
    <property name="java.vm.vendor" value="Oracle Corporation"/>
    <property name="maven.multiModuleProjectDirectory" value="/Users/obf/jqa/jqa-junit-plugin"/>
    <property name="javax.xml.accessExternalSchema" value="all"/>
    <property name="java.vendor.url" value="http://java.oracle.com/"/>
    <property name="path.separator" value=":"/>
    <property name="guice.disable.misplaced.annotation.check" value="true"/>
    <property name="java.vm.name" value="Java HotSpot(TM) 64-Bit Server VM"/>
    <property name="file.encoding.pkg" value="sun.io"/>
    <property name="user.country" value="DE"/>
    <property name="sun.java.launcher" value="SUN_STANDARD"/>
    <property name="sun.os.patch.level" value="unknown"/>
    <property name="test" value="Junit5Example"/>
    <property name="java.vm.specification.name" value="Java Virtual Machine Specification"/>
    <property name="user.dir" value="/Users/obf/jqa/jqa-junit-plugin"/>
    <property name="java.runtime.version" value="1.8.0_131-b11"/>
    <property name="java.awt.graphicsenv" value="sun.awt.CGraphicsEnvironment"/>
    <property name="java.endorsed.dirs" value="/Library/Java/JavaVirtualMachines/jdk1.8.0_131.jdk/Contents/Home/jre/lib/endorsed"/>
    <property name="os.arch" value="x86_64"/>
    <property name="java.io.tmpdir" value="/var/folders/mw/qnjs1s5570z2pkq99dqptjf00000gn/T/"/>
    <property name="line.separator" value="&#10;"/>
    <property name="java.vm.specification.vendor" value="Oracle Corporation"/>
    <property name="os.name" value="Mac OS X"/>
    <property name="javax.xml.accessExternalDTD" value="all"/>
    <property name="classworlds.conf" value="/opt/local/share/java/maven3/bin/m2.conf"/>
    <property name="sun.jnu.encoding" value="UTF-8"/>
    <property name="java.library.path" value="/Users/obf/Library/Java/Extensions:/Library/Java/Extensions:/Network/Library/Java/Extensions:/System/Library/Java/Extensions:/usr/lib/java:."/>
    <property name="maven.conf" value="/opt/local/share/java/maven3/conf"/>
    <property name="java.specification.name" value="Java Platform API Specification"/>
    <property name="java.class.version" value="52.0"/>
    <property name="sun.management.compiler" value="HotSpot 64-Bit Tiered Compilers"/>
    <property name="os.version" value="10.13.1"/>
    <property name="http.nonProxyHosts" value="local|*.local|169.254/16|*.169.254/16"/>
    <property name="library.jansi.path" value="/opt/local/share/java/maven3/lib/jansi-native/osx64"/>
    <property name="user.home" value="/Users/obf"/>
    <property name="user.timezone" value="Europe/Berlin"/>
    <property name="java.awt.printerjob" value="sun.lwawt.macosx.CPrinterJob"/>
    <property name="java.specification.version" value="1.8"/>
    <property name="file.encoding" value="UTF-8"/>
    <property name="user.name" value="obf"/>
    <property name="java.class.path" value="/opt/local/share/java/maven3/boot/plexus-classworlds-2.5.2.jar"/>
    <property name="java.vm.specification.version" value="1.8"/>
    <property name="sun.arch.data.model" value="64"/>
    <property name="java.home" value="/Library/Java/JavaVirtualMachines/jdk1.8.0_131.jdk/Contents/Home/jre"/>
    <property name="sun.java.command" value="org.codehaus.plexus.classworlds.launcher.Launcher -Dtest=Junit5Example clean verify"/>
    <property name="java.specification.vendor" value="Oracle Corporation"/>
    <property name="user.language" value="de"/>
    <property name="user.language.format" value="en"/>
    <property name="awt.toolkit" value="sun.lwawt.macosx.LWCToolkit"/>
    <property name="java.vm.info" value="mixed mode"/>
    <property name="java.version" value="1.8.0_131"/>
    <property name="java.ext.dirs" value="/Users/obf/Library/Java/Extensions:/Library/Java/JavaVirtualMachines/jdk1.8.0_131.jdk/Contents/Home/jre/lib/ext:/Library/Java/Extensions:/Network/Library/Java/Extensions:/System/Library/Java/Extensions:/usr/lib/java"/>
    <property name="sun.boot.class.path" value="/Library/Java/JavaVirtualMachines/jdk1.8.0_131.jdk/Contents/Home/jre/lib/resources.jar:/Library/Java/JavaVirtualMachines/jdk1.8.0_131.jdk/Contents/Home/jre/lib/rt.jar:/Library/Java/JavaVirtualMachines/jdk1.8.0_131.jdk/Contents/Home/jre/lib/sunrsasign.jar:/Library/Java/JavaVirtualMachines/jdk1.8.0_131.jdk/Contents/Home/jre/lib/jsse.jar:/Library/Java/JavaVirtualMachines/jdk1.8.0_131.jdk/Contents/Home/jre/lib/jce.jar:/Library/Java/JavaVirtualMachines/jdk1.8.0_131.jdk/Contents/Home/jre/lib/charsets.jar:/Library/Java/JavaVirtualMachines/jdk1.8.0_131.jdk/Contents/Home/jre/lib/jfr.jar:/Library/Java/JavaVirtualMachines/jdk1.8.0_131.jdk/Contents/Home/jre/classes"/>
    <property name="java.vendor" value="Oracle Corporation"/>
    <property name="maven.home" value="/opt/local/share/java/maven3"/>
    <property name="file.separator" value="/"/>
    <property name="java.vendor.url.bug" value="http://bugreport.sun.com/bugreport/"/>
    <property name="sun.cpu.endian" value="little"/>
    <property name="sun.io.unicode.encoding" value="UnicodeBig"/>
    <property name="socksNonProxyHosts" value="local|*.local|169.254/16|*.169.254/16"/>
    <property name="ftp.nonProxyHosts" value="local|*.local|169.254/16|*.169.254/16"/>
    <property name="sun.cpu.isalist" value=""/>
  </properties>
  <testcase name="inherited" classname="com.buschmais.jqassistant.plugin.junit.test.set.junit5.report.Junit5Example" time="0"/>
  <testcase name="success" classname="com.buschmais.jqassistant.plugin.junit.test.set.junit5.report.Junit5Example" time="0"/>
  <testcase name="repeatedTest" classname="repeatedTest()" time="0"/>
  <testcase name="repeatedTest" classname="repeatedTest()" time="0"/>
  <testcase name="repeatedTest" classname="repeatedTest()" time="0"/>
  <testcase name="repeatedTest" classname="repeatedTest()" time="0"/>
  <testcase name="repeatedTest" classname="repeatedTest()" time="0"/>
  <testcase name="repeatedTest" classname="repeatedTest()" time="0"/>
  <testcase name="repeatedTest" classname="repeatedTest()" time="0.001"/>
  <testcase name="repeatedTest" classname="repeatedTest()" time="0.001"/>
  <testcase name="repeatedTest" classname="repeatedTest()" time="0"/>
  <testcase name="repeatedTest" classname="repeatedTest()" time="0"/>
  <testcase name="failure" classname="com.buschmais.jqassistant.plugin.junit.test.set.junit5.report.Junit5Example" time="0.009">
    <failure message="Failure" type="org.opentest4j.AssertionFailedError">org.opentest4j.AssertionFailedError: Failure
	at com.buschmais.jqassistant.plugin.junit.test.set.junit5.report.Junit5Example.failure(Junit5Example.java:27)
</failure>
  </testcase>
  <testcase name="error" classname="com.buschmais.jqassistant.plugin.junit.test.set.junit5.report.Junit5Example" time="0">
    <error type="java.lang.UnsupportedOperationException">java.lang.UnsupportedOperationException
	at com.buschmais.jqassistant.plugin.junit.test.set.junit5.report.Junit5Example.error(Junit5Example.java:32)
</error>
  </testcase>
  <testcase name="parameterizedTest" classname="parameterizedTest(String)" time="0.018"/>
  <testcase name="parameterizedTest" classname="parameterizedTest(String)" time="0"/>
  <testcase name="skipped" classname="com.buschmais.jqassistant.plugin.junit.test.set.junit5.report.Junit5Example" time="0">
    <skipped message="public void com.buschmais.jqassistant.plugin.junit.test.set.junit5.report.Junit5Example.skipped() is @Disabled"/>
  </testcase>
</testsuite>