<?xml version="1.0" encoding="UTF-8" standalone="yes"?>
<testsuite name="jqassistant.Group_jqa-technical-debt" tests="3" failures="1" errors="0" time="2.0">
    <testcase name="Constraint_java_TechnicalDebt" time="0.0" classname="jqassistant.Group_jqa-technical-debt"/>
    <testcase name="Constraint_jqa-technical-debt_CodeElementToBeRemovedInVersion" time="0.0" classname="jqassistant.Group_jqa-technical-debt"/>
    <testcase name="Constraint_jqa-technical-debt_CodeElementToBeRemoved" time="1.0" classname="jqassistant.Group_jqa-technical-debt">
        <failure message="Code elements annotated by &quot;@com.buschmais.jqassistant.core.shared.annotation.ToBeRemovedInVersion&quot; should have been removed in given version.">Type = com.buschmais.jqassistant.core.rule.api.source.RuleSource
Member = java.io.InputStream getInputStream()
MajorVersion = 2
MinorVersion = 6
---
Type = com.buschmais.jqassistant.core.store.api.Store
Member = com.buschmais.jqassistant.core.store.api.model.Descriptor find(java.lang.Class,java.lang.String)
MajorVersion = 1
MinorVersion = 9
</failure>
    </testcase>
</testsuite>
